<?xml version="1.0" encoding="UTF-8"?>
<!-- Generated by org.testng.reporters.JUnitReportReporter -->
<testsuite hostname="Ahmed_Joni" failures="0" tests="1" name="runners.CucumberRunner" time="14.616" errors="0" timestamp="2023-08-17T23:01:26 EDT" skipped="0">
  <testcase classname="runners.CucumberRunner" name="runScenario" time="14.616"/>
  <system-out/>
</testsuite> <!-- runners.CucumberRunner -->
