<?xml version="1.0" encoding="UTF-8"?>
<!-- Generated by org.testng.reporters.JUnitReportReporter -->
<testsuite hostname="LAPTOP-Q9NI5B1S" failures="0" tests="1" name="runners.CucumberRunner" time="44.185" errors="0" timestamp="2023-08-14T13:15:07 EDT" skipped="0">
  <testcase classname="runners.CucumberRunner" name="runScenario" time="44.185"/>
  <system-out/>
</testsuite> <!-- runners.CucumberRunner -->
