<?xml version="1.0" encoding="UTF-8"?>
<!-- Generated by org.testng.reporters.JUnitReportReporter -->
<testsuite hostname="Zia" failures="0" tests="1" name="runners.CucumberRunner" time="21.479" errors="0" timestamp="2023-08-16T20:59:55 EDT" skipped="0">
  <testcase classname="runners.CucumberRunner" name="runScenario" time="21.479"/>
  <system-out/>
</testsuite> <!-- runners.CucumberRunner -->
